2024-02-01T15:28:06+00:00 CRITICAL Uncaught Error: Call to a member function get_type() on null in /var/www/html/fleshink/wp-content/themes/storefront-child-theme-master/functions.php:436
Stack trace:
#0 /var/www/html/fleshink/wp-includes/class-wp-hook.php(326): custom_woocommerce_product_add_to_cart_text()
#1 /var/www/html/fleshink/wp-includes/plugin.php(205): WP_Hook->apply_filters()
#2 /var/www/html/fleshink/wp-content/plugins/woocommerce/includes/class-wc-product-variable.php(60): apply_filters()
#3 /var/www/html/fleshink/wp-content/plugins/woocommerce/packages/woocommerce-blocks/src/StoreApi/Schemas/V1/ProductSchema.php(477): WC_Product_Variable->add_to_cart_text()
#4 [internal function]: Automattic\WooCommerce\StoreApi\Schemas\V1\ProductSchema->get_item_response()
#5 /var/www/html/fleshink/wp-content/plugins/woocommerce/packages/woocommerce-blocks/src/BlockTypes/AbstractProductGrid.php(114): array_map()
#6 /var/www/html/fleshink/wp-content/plugins/woocommerce/packages/woocommerce-blocks/src/BlockTypes/AbstractBlock.php(88): Automattic\WooCommerce\Blocks\BlockTypes\AbstractProductGrid->render()
#7 /var/www/html/fleshink/wp-includes/class-wp-block.php(258): Automattic\WooCommerce\Blocks\BlockTypes\AbstractBlock->render_callback()
#8 /var/www/html/fleshink/wp-includes/class-wp-block.php(244): WP_Block->render()
#9 /var/www/html/fleshink/wp-includes/class-wp-block.php(244): WP_Block->render()
#10 /var/www/html/fleshink/wp-includes/blocks.php(1484): WP_Block->render()
#11 /var/www/html/fleshink/wp-includes/blocks.php(1522): render_block()
#12 /var/www/html/fleshink/wp-includes/class-wp-hook.php(324): do_blocks()
#13 /var/www/html/fleshink/wp-includes/plugin.php(205): WP_Hook->apply_filters()
#14 /var/www/html/fleshink/wp-includes/rest-api/endpoints/class-wp-rest-posts-controller.php(1863): apply_filters()
#15 /var/www/html/fleshink/wp-includes/rest-api/endpoints/class-wp-rest-posts-controller.php(569): WP_REST_Posts_Controller->prepare_item_for_response()
#16 /var/www/html/fleshink/wp-includes/rest-api/class-wp-rest-server.php(1193): WP_REST_Posts_Controller->get_item()
#17 /var/www/html/fleshink/wp-includes/rest-api/class-wp-rest-server.php(1041): WP_REST_Server->respond_to_request()
#18 /var/www/html/fleshink/wp-includes/rest-api.php(551): WP_REST_Server->dispatch()
#19 /var/www/html/fleshink/wp-includes/rest-api.php(2918): rest_do_request()
#20 [internal function]: rest_preload_api_request()
#21 /var/www/html/fleshink/wp-includes/block-editor.php(753): array_reduce()
#22 /var/www/html/fleshink/wp-admin/edit-form-blocks.php(77): block_editor_rest_api_preload()
#23 /var/www/html/fleshink/wp-admin/post.php(187): require('...')
#24 {main}
  thrown in /var/www/html/fleshink/wp-content/themes/storefront-child-theme-master/functions.php on line 436

2024-02-01T15:28:14+00:00 CRITICAL Uncaught Error: Call to a member function get_type() on null in /var/www/html/fleshink/wp-content/themes/storefront-child-theme-master/functions.php:436
Stack trace:
#0 /var/www/html/fleshink/wp-includes/class-wp-hook.php(326): custom_woocommerce_product_add_to_cart_text()
#1 /var/www/html/fleshink/wp-includes/plugin.php(205): WP_Hook->apply_filters()
#2 /var/www/html/fleshink/wp-content/plugins/woocommerce/includes/class-wc-product-variable.php(60): apply_filters()
#3 /var/www/html/fleshink/wp-content/plugins/woocommerce/packages/woocommerce-blocks/src/StoreApi/Schemas/V1/ProductSchema.php(477): WC_Product_Variable->add_to_cart_text()
#4 [internal function]: Automattic\WooCommerce\StoreApi\Schemas\V1\ProductSchema->get_item_response()
#5 /var/www/html/fleshink/wp-content/plugins/woocommerce/packages/woocommerce-blocks/src/BlockTypes/AbstractProductGrid.php(114): array_map()
#6 /var/www/html/fleshink/wp-content/plugins/woocommerce/packages/woocommerce-blocks/src/BlockTypes/AbstractBlock.php(88): Automattic\WooCommerce\Blocks\BlockTypes\AbstractProductGrid->render()
#7 /var/www/html/fleshink/wp-includes/class-wp-block.php(258): Automattic\WooCommerce\Blocks\BlockTypes\AbstractBlock->render_callback()
#8 /var/www/html/fleshink/wp-includes/class-wp-block.php(244): WP_Block->render()
#9 /var/www/html/fleshink/wp-includes/class-wp-block.php(244): WP_Block->render()
#10 /var/www/html/fleshink/wp-includes/blocks.php(1484): WP_Block->render()
#11 /var/www/html/fleshink/wp-includes/blocks.php(1522): render_block()
#12 /var/www/html/fleshink/wp-includes/class-wp-hook.php(324): do_blocks()
#13 /var/www/html/fleshink/wp-includes/plugin.php(205): WP_Hook->apply_filters()
#14 /var/www/html/fleshink/wp-includes/rest-api/endpoints/class-wp-rest-posts-controller.php(1863): apply_filters()
#15 /var/www/html/fleshink/wp-includes/rest-api/endpoints/class-wp-rest-posts-controller.php(569): WP_REST_Posts_Controller->prepare_item_for_response()
#16 /var/www/html/fleshink/wp-includes/rest-api/class-wp-rest-server.php(1193): WP_REST_Posts_Controller->get_item()
#17 /var/www/html/fleshink/wp-includes/rest-api/class-wp-rest-server.php(1041): WP_REST_Server->respond_to_request()
#18 /var/www/html/fleshink/wp-includes/rest-api.php(551): WP_REST_Server->dispatch()
#19 /var/www/html/fleshink/wp-includes/rest-api.php(2918): rest_do_request()
#20 [internal function]: rest_preload_api_request()
#21 /var/www/html/fleshink/wp-includes/block-editor.php(753): array_reduce()
#22 /var/www/html/fleshink/wp-admin/edit-form-blocks.php(77): block_editor_rest_api_preload()
#23 /var/www/html/fleshink/wp-admin/post.php(187): require('...')
#24 {main}
  thrown in /var/www/html/fleshink/wp-content/themes/storefront-child-theme-master/functions.php on line 436

2024-02-01T15:28:27+00:00 CRITICAL Uncaught Error: Call to a member function get_type() on null in /var/www/html/fleshink/wp-content/themes/storefront-child-theme-master/functions.php:436
Stack trace:
#0 /var/www/html/fleshink/wp-includes/class-wp-hook.php(326): custom_woocommerce_product_add_to_cart_text()
#1 /var/www/html/fleshink/wp-includes/plugin.php(205): WP_Hook->apply_filters()
#2 /var/www/html/fleshink/wp-content/plugins/woocommerce/includes/class-wc-product-variable.php(60): apply_filters()
#3 /var/www/html/fleshink/wp-content/plugins/woocommerce/packages/woocommerce-blocks/src/StoreApi/Schemas/V1/ProductSchema.php(477): WC_Product_Variable->add_to_cart_text()
#4 [internal function]: Automattic\WooCommerce\StoreApi\Schemas\V1\ProductSchema->get_item_response()
#5 /var/www/html/fleshink/wp-content/plugins/woocommerce/packages/woocommerce-blocks/src/BlockTypes/AbstractProductGrid.php(114): array_map()
#6 /var/www/html/fleshink/wp-content/plugins/woocommerce/packages/woocommerce-blocks/src/BlockTypes/AbstractBlock.php(88): Automattic\WooCommerce\Blocks\BlockTypes\AbstractProductGrid->render()
#7 /var/www/html/fleshink/wp-includes/class-wp-block.php(258): Automattic\WooCommerce\Blocks\BlockTypes\AbstractBlock->render_callback()
#8 /var/www/html/fleshink/wp-includes/class-wp-block.php(244): WP_Block->render()
#9 /var/www/html/fleshink/wp-includes/class-wp-block.php(244): WP_Block->render()
#10 /var/www/html/fleshink/wp-includes/blocks.php(1484): WP_Block->render()
#11 /var/www/html/fleshink/wp-includes/blocks.php(1522): render_block()
#12 /var/www/html/fleshink/wp-includes/class-wp-hook.php(324): do_blocks()
#13 /var/www/html/fleshink/wp-includes/plugin.php(205): WP_Hook->apply_filters()
#14 /var/www/html/fleshink/wp-includes/rest-api/endpoints/class-wp-rest-posts-controller.php(1863): apply_filters()
#15 /var/www/html/fleshink/wp-includes/rest-api/endpoints/class-wp-rest-posts-controller.php(569): WP_REST_Posts_Controller->prepare_item_for_response()
#16 /var/www/html/fleshink/wp-includes/rest-api/class-wp-rest-server.php(1193): WP_REST_Posts_Controller->get_item()
#17 /var/www/html/fleshink/wp-includes/rest-api/class-wp-rest-server.php(1041): WP_REST_Server->respond_to_request()
#18 /var/www/html/fleshink/wp-includes/rest-api.php(551): WP_REST_Server->dispatch()
#19 /var/www/html/fleshink/wp-includes/rest-api.php(2918): rest_do_request()
#20 [internal function]: rest_preload_api_request()
#21 /var/www/html/fleshink/wp-includes/block-editor.php(753): array_reduce()
#22 /var/www/html/fleshink/wp-admin/edit-form-blocks.php(77): block_editor_rest_api_preload()
#23 /var/www/html/fleshink/wp-admin/post.php(187): require('...')
#24 {main}
  thrown in /var/www/html/fleshink/wp-content/themes/storefront-child-theme-master/functions.php on line 436

2024-02-01T15:28:45+00:00 CRITICAL Uncaught Error: Call to a member function get_type() on null in /var/www/html/fleshink/wp-content/themes/storefront-child-theme-master/functions.php:436
Stack trace:
#0 /var/www/html/fleshink/wp-includes/class-wp-hook.php(326): custom_woocommerce_product_add_to_cart_text()
#1 /var/www/html/fleshink/wp-includes/plugin.php(205): WP_Hook->apply_filters()
#2 /var/www/html/fleshink/wp-content/plugins/woocommerce/includes/class-wc-product-variable.php(60): apply_filters()
#3 /var/www/html/fleshink/wp-content/plugins/woocommerce/packages/woocommerce-blocks/src/StoreApi/Schemas/V1/ProductSchema.php(477): WC_Product_Variable->add_to_cart_text()
#4 [internal function]: Automattic\WooCommerce\StoreApi\Schemas\V1\ProductSchema->get_item_response()
#5 /var/www/html/fleshink/wp-content/plugins/woocommerce/packages/woocommerce-blocks/src/BlockTypes/AbstractProductGrid.php(114): array_map()
#6 /var/www/html/fleshink/wp-content/plugins/woocommerce/packages/woocommerce-blocks/src/BlockTypes/AbstractBlock.php(88): Automattic\WooCommerce\Blocks\BlockTypes\AbstractProductGrid->render()
#7 /var/www/html/fleshink/wp-includes/class-wp-block.php(258): Automattic\WooCommerce\Blocks\BlockTypes\AbstractBlock->render_callback()
#8 /var/www/html/fleshink/wp-includes/class-wp-block.php(244): WP_Block->render()
#9 /var/www/html/fleshink/wp-includes/class-wp-block.php(244): WP_Block->render()
#10 /var/www/html/fleshink/wp-includes/blocks.php(1484): WP_Block->render()
#11 /var/www/html/fleshink/wp-includes/blocks.php(1522): render_block()
#12 /var/www/html/fleshink/wp-includes/class-wp-hook.php(324): do_blocks()
#13 /var/www/html/fleshink/wp-includes/plugin.php(205): WP_Hook->apply_filters()
#14 /var/www/html/fleshink/wp-includes/rest-api/endpoints/class-wp-rest-posts-controller.php(1863): apply_filters()
#15 /var/www/html/fleshink/wp-includes/rest-api/endpoints/class-wp-rest-posts-controller.php(569): WP_REST_Posts_Controller->prepare_item_for_response()
#16 /var/www/html/fleshink/wp-includes/rest-api/class-wp-rest-server.php(1193): WP_REST_Posts_Controller->get_item()
#17 /var/www/html/fleshink/wp-includes/rest-api/class-wp-rest-server.php(1041): WP_REST_Server->respond_to_request()
#18 /var/www/html/fleshink/wp-includes/rest-api.php(551): WP_REST_Server->dispatch()
#19 /var/www/html/fleshink/wp-includes/rest-api.php(2918): rest_do_request()
#20 [internal function]: rest_preload_api_request()
#21 /var/www/html/fleshink/wp-includes/block-editor.php(753): array_reduce()
#22 /var/www/html/fleshink/wp-admin/edit-form-blocks.php(77): block_editor_rest_api_preload()
#23 /var/www/html/fleshink/wp-admin/post.php(187): require('...')
#24 {main}
  thrown in /var/www/html/fleshink/wp-content/themes/storefront-child-theme-master/functions.php on line 436

2024-02-01T15:31:33+00:00 CRITICAL Uncaught Error: Call to a member function get_type() on null in /var/www/html/fleshink/wp-content/themes/storefront-child-theme-master/functions.php:436
Stack trace:
#0 /var/www/html/fleshink/wp-includes/class-wp-hook.php(326): custom_woocommerce_product_add_to_cart_text()
#1 /var/www/html/fleshink/wp-includes/plugin.php(205): WP_Hook->apply_filters()
#2 /var/www/html/fleshink/wp-content/plugins/woocommerce/includes/class-wc-product-variable.php(60): apply_filters()
#3 /var/www/html/fleshink/wp-content/plugins/woocommerce/packages/woocommerce-blocks/src/StoreApi/Schemas/V1/ProductSchema.php(477): WC_Product_Variable->add_to_cart_text()
#4 [internal function]: Automattic\WooCommerce\StoreApi\Schemas\V1\ProductSchema->get_item_response()
#5 /var/www/html/fleshink/wp-content/plugins/woocommerce/packages/woocommerce-blocks/src/BlockTypes/AbstractProductGrid.php(114): array_map()
#6 /var/www/html/fleshink/wp-content/plugins/woocommerce/packages/woocommerce-blocks/src/BlockTypes/AbstractBlock.php(88): Automattic\WooCommerce\Blocks\BlockTypes\AbstractProductGrid->render()
#7 /var/www/html/fleshink/wp-includes/class-wp-block.php(258): Automattic\WooCommerce\Blocks\BlockTypes\AbstractBlock->render_callback()
#8 /var/www/html/fleshink/wp-includes/class-wp-block.php(244): WP_Block->render()
#9 /var/www/html/fleshink/wp-includes/class-wp-block.php(244): WP_Block->render()
#10 /var/www/html/fleshink/wp-includes/blocks.php(1484): WP_Block->render()
#11 /var/www/html/fleshink/wp-includes/blocks.php(1522): render_block()
#12 /var/www/html/fleshink/wp-includes/class-wp-hook.php(324): do_blocks()
#13 /var/www/html/fleshink/wp-includes/plugin.php(205): WP_Hook->apply_filters()
#14 /var/www/html/fleshink/wp-includes/rest-api/endpoints/class-wp-rest-posts-controller.php(1863): apply_filters()
#15 /var/www/html/fleshink/wp-includes/rest-api/endpoints/class-wp-rest-posts-controller.php(569): WP_REST_Posts_Controller->prepare_item_for_response()
#16 /var/www/html/fleshink/wp-includes/rest-api/class-wp-rest-server.php(1193): WP_REST_Posts_Controller->get_item()
#17 /var/www/html/fleshink/wp-includes/rest-api/class-wp-rest-server.php(1041): WP_REST_Server->respond_to_request()
#18 /var/www/html/fleshink/wp-includes/rest-api.php(551): WP_REST_Server->dispatch()
#19 /var/www/html/fleshink/wp-includes/rest-api.php(2918): rest_do_request()
#20 [internal function]: rest_preload_api_request()
#21 /var/www/html/fleshink/wp-includes/block-editor.php(753): array_reduce()
#22 /var/www/html/fleshink/wp-admin/edit-form-blocks.php(77): block_editor_rest_api_preload()
#23 /var/www/html/fleshink/wp-admin/post.php(187): require('...')
#24 {main}
  thrown in /var/www/html/fleshink/wp-content/themes/storefront-child-theme-master/functions.php on line 436

2024-02-01T15:31:52+00:00 CRITICAL Uncaught Error: Call to a member function get_type() on null in /var/www/html/fleshink/wp-content/themes/storefront-child-theme-master/functions.php:436
Stack trace:
#0 /var/www/html/fleshink/wp-includes/class-wp-hook.php(326): custom_woocommerce_product_add_to_cart_text()
#1 /var/www/html/fleshink/wp-includes/plugin.php(205): WP_Hook->apply_filters()
#2 /var/www/html/fleshink/wp-content/plugins/woocommerce/includes/class-wc-product-variable.php(60): apply_filters()
#3 /var/www/html/fleshink/wp-content/plugins/woocommerce/packages/woocommerce-blocks/src/StoreApi/Schemas/V1/ProductSchema.php(477): WC_Product_Variable->add_to_cart_text()
#4 [internal function]: Automattic\WooCommerce\StoreApi\Schemas\V1\ProductSchema->get_item_response()
#5 /var/www/html/fleshink/wp-content/plugins/woocommerce/packages/woocommerce-blocks/src/BlockTypes/AbstractProductGrid.php(114): array_map()
#6 /var/www/html/fleshink/wp-content/plugins/woocommerce/packages/woocommerce-blocks/src/BlockTypes/AbstractBlock.php(88): Automattic\WooCommerce\Blocks\BlockTypes\AbstractProductGrid->render()
#7 /var/www/html/fleshink/wp-includes/class-wp-block.php(258): Automattic\WooCommerce\Blocks\BlockTypes\AbstractBlock->render_callback()
#8 /var/www/html/fleshink/wp-includes/class-wp-block.php(244): WP_Block->render()
#9 /var/www/html/fleshink/wp-includes/class-wp-block.php(244): WP_Block->render()
#10 /var/www/html/fleshink/wp-includes/blocks.php(1484): WP_Block->render()
#11 /var/www/html/fleshink/wp-includes/blocks.php(1522): render_block()
#12 /var/www/html/fleshink/wp-includes/class-wp-hook.php(324): do_blocks()
#13 /var/www/html/fleshink/wp-includes/plugin.php(205): WP_Hook->apply_filters()
#14 /var/www/html/fleshink/wp-includes/rest-api/endpoints/class-wp-rest-posts-controller.php(1863): apply_filters()
#15 /var/www/html/fleshink/wp-includes/rest-api/endpoints/class-wp-rest-posts-controller.php(385): WP_REST_Posts_Controller->prepare_item_for_response()
#16 /var/www/html/fleshink/wp-includes/rest-api/class-wp-rest-server.php(1193): WP_REST_Posts_Controller->get_items()
#17 /var/www/html/fleshink/wp-includes/rest-api/class-wp-rest-server.php(1041): WP_REST_Server->respond_to_request()
#18 /var/www/html/fleshink/wp-includes/rest-api/class-wp-rest-server.php(431): WP_REST_Server->dispatch()
#19 /var/www/html/fleshink/wp-includes/rest-api.php(424): WP_REST_Server->serve_request()
#20 /var/www/html/fleshink/wp-includes/class-wp-hook.php(324): rest_api_loaded()
#21 /var/www/html/fleshink/wp-includes/class-wp-hook.php(348): WP_Hook->apply_filters()
#22 /var/www/html/fleshink/wp-includes/plugin.php(565): WP_Hook->do_action()
#23 /var/www/html/fleshink/wp-includes/class-wp.php(418): do_action_ref_array()
#24 /var/www/html/fleshink/wp-includes/class-wp.php(813): WP->parse_request()
#25 /var/www/html/fleshink/wp-includes/functions.php(1336): WP->main()
#26 /var/www/html/fleshink/wp-blog-header.php(16): wp()
#27 /var/www/html/fleshink/index.php(17): require('...')
#28 {main}
  thrown in /var/www/html/fleshink/wp-content/themes/storefront-child-theme-master/functions.php on line 436

